<?xml version="1.0" encoding="UTF-8"?>
<!-- Generated by org.testng.reporters.JUnitXMLReporter -->
<testsuite ignored="0" hostname="ABS_ASUS_9526" failures="0" tests="1" name="EdgeTest" time="0.03" errors="0" timestamp="2023-02-13T11:42:50 IST">
  <testcase classname="TestNGClass.FlipkartNG1" name="@BeforeTest launchBrowser" time="0.008">
    <failure type="java.lang.IllegalStateException" message="The path to the driver executable must be set by the webdriver.edge.driver system property; for more information, see https://github.com/SeleniumHQ/selenium/wiki/MicrosoftWebDriver. The latest version can be downloaded from http://go.microsoft.com/fwlink/?LinkId=619687">
      <![CDATA[java.lang.IllegalStateException: The path to the driver executable must be set by the webdriver.edge.driver system property; for more information, see https://github.com/SeleniumHQ/selenium/wiki/MicrosoftWebDriver. The latest version can be downloaded from http://go.microsoft.com/fwlink/?LinkId=619687
at com.google.common.base.Preconditions.checkState(Preconditions.java:847)
at org.openqa.selenium.remote.service.DriverService.findExecutable(DriverService.java:134)
at org.openqa.selenium.edge.EdgeDriverService.access$000(EdgeDriverService.java:37)
at org.openqa.selenium.edge.EdgeDriverService$Builder.findDefaultExecutable(EdgeDriverService.java:90)
at org.openqa.selenium.remote.service.DriverService$Builder.build(DriverService.java:355)
at org.openqa.selenium.edge.EdgeDriverService.createDefaultService(EdgeDriverService.java:70)
at org.openqa.selenium.edge.EdgeDriver.<init>(EdgeDriver.java:96)
at BrowserSetup.Browsers.openEdgeBroser(Browsers.java:23)
at TestNGClass.FlipkartNG1.launchBrowser(FlipkartNG1.java:44)
... Removed 24 stack frames]]>
    </failure>
  </testcase> <!-- @BeforeTest launchBrowser -->
  <testcase classname="TestNGClass.FlipkartNG1" name="@BeforeClass LaunchTheBrowser" time="0.0">
    <skipped/>
  </testcase> <!-- @BeforeClass LaunchTheBrowser -->
  <testcase classname="TestNGClass.FlipkartNG1" name="@BeforeMethod CheckHomePage" time="0.0">
    <skipped/>
  </testcase> <!-- @BeforeMethod CheckHomePage -->
  <testcase classname="TestNGClass.FlipkartNG1" name="@AfterMethod afterMethod" time="0.0">
    <skipped/>
  </testcase> <!-- @AfterMethod afterMethod -->
  <testcase classname="TestNGClass.FlipkartNG1" name="@AfterClass afterClass" time="0.0">
    <skipped/>
  </testcase> <!-- @AfterClass afterClass -->
  <testcase classname="TestNGClass.FlipkartNG1" name="@AfterTest afterTest" time="0.0">
    <skipped/>
  </testcase> <!-- @AfterTest afterTest -->
  <testcase classname="TestNGClass.FlipkartNG1" name="test" time="0.0">
    <skipped/>
  </testcase> <!-- test -->
</testsuite> <!-- EdgeTest -->
