<?xml version="1.0" encoding="UTF-8"?>
<!-- Generated by org.testng.reporters.JUnitXMLReporter -->
<testsuite ignored="0" hostname="ABS_ASUS_9526" failures="0" tests="1" name="Firefox" time="0.064" errors="0" timestamp="2023-02-13T11:30:30 IST">
  <testcase classname="TestNGClass.FlipkartNG1" name="@BeforeTest launchBrowser" time="0.029">
    <failure type="java.lang.IllegalStateException" message="The driver executable does not exist: C:\APK\geckodriver-v0.32.1-win32.zip">
      <![CDATA[java.lang.IllegalStateException: The driver executable does not exist: C:\APK\geckodriver-v0.32.1-win32.zip
at com.google.common.base.Preconditions.checkState(Preconditions.java:585)
at org.openqa.selenium.remote.service.DriverService.checkExecutable(DriverService.java:146)
at org.openqa.selenium.remote.service.DriverService.findExecutable(DriverService.java:141)
at org.openqa.selenium.firefox.GeckoDriverService.access$100(GeckoDriverService.java:44)
at org.openqa.selenium.firefox.GeckoDriverService$Builder.findDefaultExecutable(GeckoDriverService.java:167)
at org.openqa.selenium.remote.service.DriverService$Builder.build(DriverService.java:355)
at org.openqa.selenium.firefox.FirefoxDriver.toExecutor(FirefoxDriver.java:190)
at org.openqa.selenium.firefox.FirefoxDriver.<init>(FirefoxDriver.java:147)
at org.openqa.selenium.firefox.FirefoxDriver.<init>(FirefoxDriver.java:125)
at BrowserSetup.Browsers.openFirefoxBrowser(Browsers.java:17)
at TestNGClass.FlipkartNG1.launchBrowser(FlipkartNG1.java:40)
... Removed 24 stack frames]]>
    </failure>
  </testcase> <!-- @BeforeTest launchBrowser -->
  <testcase classname="TestNGClass.FlipkartNG1" name="@BeforeClass LaunchTheBrowser" time="0.0">
    <skipped/>
  </testcase> <!-- @BeforeClass LaunchTheBrowser -->
  <testcase classname="TestNGClass.FlipkartNG1" name="@BeforeMethod CheckHomePage" time="0.0">
    <skipped/>
  </testcase> <!-- @BeforeMethod CheckHomePage -->
  <testcase classname="TestNGClass.FlipkartNG1" name="@AfterMethod afterMethod" time="0.0">
    <skipped/>
  </testcase> <!-- @AfterMethod afterMethod -->
  <testcase classname="TestNGClass.FlipkartNG1" name="@AfterClass afterClass" time="0.0">
    <skipped/>
  </testcase> <!-- @AfterClass afterClass -->
  <testcase classname="TestNGClass.FlipkartNG1" name="@AfterTest afterTest" time="0.0">
    <skipped/>
  </testcase> <!-- @AfterTest afterTest -->
  <testcase classname="TestNGClass.FlipkartNG1" name="test" time="0.0">
    <skipped/>
  </testcase> <!-- test -->
</testsuite> <!-- Firefox -->
